<?xml version="1.0" encoding="UTF-8"?>
<!-- Generated by org.testng.reporters.JUnitReportReporter -->
<testsuite hostname="DESKTOP-4MEIVF5" failures="0" tests="1" name="dsalgo_Testscenarios.graph_testcases" time="2.554" errors="0" timestamp="2023-02-14T00:19:16 EST" skipped="0">
  <testcase classname="dsalgo_Testscenarios.graph_testcases" name="graph" time="2.554"/>
  <system-out/>
</testsuite> <!-- dsalgo_Testscenarios.graph_testcases -->
