<?xml version="1.0" encoding="UTF-8"?>
<!-- Generated by org.testng.reporters.JUnitReportReporter -->
<testsuite hostname="DESKTOP-4MEIVF5" failures="0" tests="6" name="dsalgo_Testscenarios.RegisterTest" time="2.942" errors="0" timestamp="2023-02-09T20:54:24 EST" skipped="0">
  <testcase classname="dsalgo_Testscenarios.RegisterTest" name="invalidusnamTest" time="0.499"/>
  <system-out/>
  <testcase classname="dsalgo_Testscenarios.RegisterTest" name="notsignTest" time="0.452"/>
  <system-out/>
  <testcase classname="dsalgo_Testscenarios.RegisterTest" name="validTest" time="0.517"/>
  <system-out/>
  <testcase classname="dsalgo_Testscenarios.RegisterTest" name="invalidTest" time="0.783"/>
  <system-out/>
  <testcase classname="dsalgo_Testscenarios.RegisterTest" name="regTest" time="0.186"/>
  <system-out/>
  <testcase classname="dsalgo_Testscenarios.RegisterTest" name="invalidpswdTest" time="0.505"/>
  <system-out/>
</testsuite> <!-- dsalgo_Testscenarios.RegisterTest -->
