<?xml version="1.0" encoding="UTF-8"?>
<!-- Generated by org.testng.reporters.JUnitReportReporter -->
<testsuite hostname="DESKTOP-4MEIVF5" failures="0" tests="6" name="dsalgo_Testscenarios.GraphTc_001" time="5.617" errors="0" timestamp="2023-02-27T16:34:14 EST" skipped="0">
  <testcase classname="dsalgo_Testscenarios.GraphTc_001" name="b_graphpage" time="2.780"/>
  <system-out/>
  <testcase classname="dsalgo_Testscenarios.GraphTc_001" name="c_graphlink" time="2.083"/>
  <system-out/>
  <testcase classname="dsalgo_Testscenarios.GraphTc_001" name="d_run" time="0.111"/>
  <system-out/>
  <testcase classname="dsalgo_Testscenarios.GraphTc_001" name="e_graphreprsntspage" time="0.410"/>
  <system-out/>
  <testcase classname="dsalgo_Testscenarios.GraphTc_001" name="f_graphrprnts" time="0.070"/>
  <system-out/>
  <testcase classname="dsalgo_Testscenarios.GraphTc_001" name="g_run" time="0.163"/>
  <system-out/>
</testsuite> <!-- dsalgo_Testscenarios.GraphTc_001 -->
