<?xml version="1.0" encoding="UTF-8"?>
<!-- Generated by org.testng.reporters.JUnitReportReporter -->
<testsuite hostname="DESKTOP-4MEIVF5" failures="0" tests="5" name="dsalgo_Testscenarios.RegisterTc_001" time="18.668" errors="0" timestamp="2023-02-27T09:41:37 EST" skipped="0">
  <testcase classname="dsalgo_Testscenarios.RegisterTc_001" name="register" time="4.504"/>
  <system-out/>
  <testcase classname="dsalgo_Testscenarios.RegisterTc_001" name="openregpage" time="0.906"/>
  <system-out/>
  <testcase classname="dsalgo_Testscenarios.RegisterTc_001" name="register" time="4.422"/>
  <system-out/>
  <testcase classname="dsalgo_Testscenarios.RegisterTc_001" name="register" time="4.483"/>
  <system-out/>
  <testcase classname="dsalgo_Testscenarios.RegisterTc_001" name="register" time="4.353"/>
  <system-out/>
</testsuite> <!-- dsalgo_Testscenarios.RegisterTc_001 -->
