<?xml version="1.0" encoding="UTF-8"?>
<!-- Generated by org.testng.reporters.JUnitReportReporter -->
<testsuite hostname="DESKTOP-4MEIVF5" failures="0" tests="3" name="dsalgo_Testscenarios.Data_StructuresTc_001" time="86.756" errors="0" timestamp="2023-03-01T22:53:52 EST" skipped="0">
  <testcase classname="dsalgo_Testscenarios.Data_StructuresTc_001" name="Timecomplex" time="17.817"/>
  <system-out/>
  <testcase classname="dsalgo_Testscenarios.Data_StructuresTc_001" name="Timecomplex_editor" time="14.187"/>
  <system-out/>
  <testcase classname="dsalgo_Testscenarios.Data_StructuresTc_001" name="Run" time="54.752"/>
  <system-out/>
</testsuite> <!-- dsalgo_Testscenarios.Data_StructuresTc_001 -->
