<?xml version="1.0" encoding="UTF-8"?>
<!-- Generated by org.testng.reporters.JUnitReportReporter -->
<testsuite hostname="DESKTOP-4MEIVF5" failures="0" tests="5" name="dsalgo_Testscenarios.Stack_TC" time="6.872" errors="0" timestamp="2023-03-09T20:00:34 EST" skipped="0">
  <testcase classname="dsalgo_Testscenarios.Stack_TC" name="b_Stackpage" time="1.368"/>
  <system-out/>
  <testcase classname="dsalgo_Testscenarios.Stack_TC" name="exuteoperationinstack" time="1.208"/>
  <system-out/>
  <testcase classname="dsalgo_Testscenarios.Stack_TC" name="exuteImplemation" time="1.869"/>
  <system-out/>
  <testcase classname="dsalgo_Testscenarios.Stack_TC" name="exutapplications" time="1.140"/>
  <system-out/>
  <testcase classname="dsalgo_Testscenarios.Stack_TC" name="excutepracticequestions" time="1.287"/>
  <system-out/>
</testsuite> <!-- dsalgo_Testscenarios.Stack_TC -->
