<?xml version="1.0" encoding="UTF-8"?>
<!-- Generated by org.testng.reporters.JUnitReportReporter -->
<testsuite hostname="DESKTOP-4MEIVF5" failures="0" tests="9" name="dsalgo_Testscenarios.LinkedList_TC" time="16.410" errors="0" timestamp="2023-03-09T20:00:34 EST" skipped="0">
  <testcase classname="dsalgo_Testscenarios.LinkedList_TC" name="Linkedlistpage" time="0.216"/>
  <system-out/>
  <testcase classname="dsalgo_Testscenarios.LinkedList_TC" name="LinkedList_Introduction" time="1.554"/>
  <system-out/>
  <testcase classname="dsalgo_Testscenarios.LinkedList_TC" name="LinkedList_Create" time="0.858"/>
  <system-out/>
  <testcase classname="dsalgo_Testscenarios.LinkedList_TC" name="LinkedList_Types" time="0.757"/>
  <system-out/>
  <testcase classname="dsalgo_Testscenarios.LinkedList_TC" name="LinkedList_implement" time="0.609"/>
  <system-out/>
  <testcase classname="dsalgo_Testscenarios.LinkedList_TC" name="LinkedList_trasversal" time="0.804"/>
  <system-out/>
  <testcase classname="dsalgo_Testscenarios.LinkedList_TC" name="LinkedList_insertion" time="1.388"/>
  <system-out/>
  <testcase classname="dsalgo_Testscenarios.LinkedList_TC" name="LinkedList_Deletion" time="9.283"/>
  <system-out/>
  <testcase classname="dsalgo_Testscenarios.LinkedList_TC" name="LinkedList_PracticeQuestion" time="0.941"/>
  <system-out/>
</testsuite> <!-- dsalgo_Testscenarios.LinkedList_TC -->
