<?xml version="1.0" encoding="UTF-8"?>
<!-- Generated by org.testng.reporters.JUnitReportReporter -->
<testsuite hostname="DESKTOP-4MEIVF5" failures="0" tests="6" name="dsalgo_Testscenarios.Queue_TC" time="9.770" errors="0" timestamp="2023-03-09T20:00:34 EST" skipped="0">
  <testcase classname="dsalgo_Testscenarios.Queue_TC" name="b_Queuepage" time="1.494"/>
  <system-out/>
  <testcase classname="dsalgo_Testscenarios.Queue_TC" name="exutePythonCode" time="1.750"/>
  <system-out/>
  <testcase classname="dsalgo_Testscenarios.Queue_TC" name="exuteCollectionse" time="1.461"/>
  <system-out/>
  <testcase classname="dsalgo_Testscenarios.Queue_TC" name="excuteusingarray" time="1.191"/>
  <system-out/>
  <testcase classname="dsalgo_Testscenarios.Queue_TC" name="excuteQueueOperation" time="1.492"/>
  <system-out/>
  <testcase classname="dsalgo_Testscenarios.Queue_TC" name="excutepracticequestions" time="2.382"/>
  <system-out/>
</testsuite> <!-- dsalgo_Testscenarios.Queue_TC -->
