<?xml version="1.0" encoding="UTF-8"?>
<!-- Generated by org.testng.reporters.JUnitReportReporter -->
<testsuite hostname="DESKTOP-4MEIVF5" failures="0" tests="3" name="dsalgo_Testscenarios.Common_Login_Tc_001" time="2.737" errors="0" timestamp="2023-03-02T14:40:31 EST" skipped="0">
  <testcase classname="dsalgo_Testscenarios.Common_Login_Tc_001" name="a_opensign_inpage" time="0.796"/>
  <system-out/>
  <testcase classname="dsalgo_Testscenarios.Common_Login_Tc_001" name="sign_inpage" time="0.279"/>
  <system-out/>
  <testcase classname="dsalgo_Testscenarios.Common_Login_Tc_001" name="aa_loginDDT" time="1.662"/>
  <system-out/>
</testsuite> <!-- dsalgo_Testscenarios.Common_Login_Tc_001 -->
