<?xml version="1.0" encoding="UTF-8"?>
<!-- Generated by org.testng.reporters.JUnitReportReporter -->
<testsuite hostname="DESKTOP-4MEIVF5" failures="0" tests="5" name="dsalgo_Testscenarios.RegisterTc_01" time="17.995" errors="0" timestamp="2023-02-22T10:35:00 EST" skipped="0">
  <testcase classname="dsalgo_Testscenarios.RegisterTc_01" name="openregpage" time="0.752"/>
  <system-out/>
  <testcase classname="dsalgo_Testscenarios.RegisterTc_01" name="register" time="4.283"/>
  <system-out/>
  <testcase classname="dsalgo_Testscenarios.RegisterTc_01" name="register" time="4.348"/>
  <system-out/>
  <testcase classname="dsalgo_Testscenarios.RegisterTc_01" name="register" time="4.339"/>
  <system-out/>
  <testcase classname="dsalgo_Testscenarios.RegisterTc_01" name="register" time="4.273"/>
  <system-out/>
</testsuite> <!-- dsalgo_Testscenarios.RegisterTc_01 -->
