<?xml version="1.0" encoding="UTF-8"?>
<!-- Generated by org.testng.reporters.JUnitReportReporter -->
<testsuite hostname="DESKTOP-4MEIVF5" failures="0" tests="10" name="dsalgo_Testscenarios.GraphTc_001" time="10.394" errors="0" timestamp="2023-02-26T13:45:47 EST" skipped="0">
  <testcase classname="dsalgo_Testscenarios.GraphTc_001" name="d_run" time="0.156"/>
  <system-out/>
  <testcase classname="dsalgo_Testscenarios.GraphTc_001" name="f_graphrprnts" time="0.154"/>
  <system-out/>
  <testcase classname="dsalgo_Testscenarios.GraphTc_001" name="b_graphpage" time="2.789"/>
  <system-out/>
  <testcase classname="dsalgo_Testscenarios.GraphTc_001" name="c_graphlink" time="2.089"/>
  <system-out/>
  <testcase classname="dsalgo_Testscenarios.GraphTc_001" name="f_graphrprnts" time="0.201"/>
  <system-out/>
  <testcase classname="dsalgo_Testscenarios.GraphTc_001" name="a_opensign_inpage" time="0.204"/>
  <system-out/>
  <testcase classname="dsalgo_Testscenarios.GraphTc_001" name="aa_loginDDT" time="1.713"/>
  <system-out/>
  <testcase classname="dsalgo_Testscenarios.GraphTc_001" name="g_run" time="0.308"/>
  <system-out/>
  <testcase classname="dsalgo_Testscenarios.GraphTc_001" name="e_graphreprsntspage" time="0.727"/>
  <system-out/>
  <testcase classname="dsalgo_Testscenarios.GraphTc_001" name="c_graphlink" time="2.053"/>
  <system-out/>
</testsuite> <!-- dsalgo_Testscenarios.GraphTc_001 -->
