<?xml version="1.0" encoding="UTF-8"?>
<!-- Generated by org.testng.reporters.JUnitReportReporter -->
<testsuite hostname="DESKTOP-4MEIVF5" failures="0" tests="3" name="dsalgo_Testscenarios.Tree_TC" time="11.926" errors="0" timestamp="2023-03-09T20:00:34 EST" skipped="0">
  <testcase classname="dsalgo_Testscenarios.Tree_TC" name="Tree" time="7.303"/>
  <system-out/>
  <testcase classname="dsalgo_Testscenarios.Tree_TC" name="Tree_TextEditor" time="2.416"/>
  <system-out/>
  <testcase classname="dsalgo_Testscenarios.Tree_TC" name="back_to_Home" time="2.207"/>
  <system-out/>
</testsuite> <!-- dsalgo_Testscenarios.Tree_TC -->
